<?xml version="1.0" encoding="UTF-8"?>
<!-- Generated by org.testng.reporters.JUnitReportReporter -->
<testsuite hostname="DESKTOP-F2JDLE7" failures="0" tests="1" name="_3_prameterUsage.PathandQuery" time="2.915" errors="0" timestamp="2023-10-19T22:30:05 IST" skipped="0">
  <testcase classname="_3_prameterUsage.PathandQuery" name="testPathAndQueryParameter" time="2.915"/>
  <system-out/>
</testsuite> <!-- _3_prameterUsage.PathandQuery -->
