<?xml version="1.0" encoding="UTF-8"?>
<!-- Generated by org.testng.reporters.JUnitReportReporter -->
<testsuite hostname="DESKTOP-F2JDLE7" failures="0" tests="1" name="_3_prameterUsage.PassingCookiesInHeader" time="0.815" errors="0" timestamp="2023-10-19T22:37:33 IST" skipped="0">
  <testcase classname="_3_prameterUsage.PassingCookiesInHeader" name="passingCookies" time="0.815"/>
  <system-out/>
</testsuite> <!-- _3_prameterUsage.PassingCookiesInHeader -->
