<?xml version="1.0" encoding="UTF-8"?>
<!-- Generated by org.testng.reporters.JUnitReportReporter -->
<testsuite hostname="DESKTOP-F2JDLE7" failures="0" tests="3" name="_2_requestBodyType.RequestPayloadUsingHashMap" time="5.373" errors="0" timestamp="2024-03-26T17:59:38 IST" skipped="0">
  <testcase classname="_2_requestBodyType.RequestPayloadUsingHashMap" name="testPostUsingHashMap" time="4.454"/>
  <system-out/>
  <testcase classname="_2_requestBodyType.RequestPayloadUsingHashMap" name="createAndStoreID" time="0.509"/>
  <system-out/>
  <testcase classname="_2_requestBodyType.RequestPayloadUsingHashMap" name="deleteData" time="0.410"/>
  <system-out/>
</testsuite> <!-- _2_requestBodyType.RequestPayloadUsingHashMap -->
