<?xml version="1.0" encoding="UTF-8"?>
<!-- Generated by org.testng.reporters.JUnitReportReporter -->
<testsuite hostname="DESKTOP-F2JDLE7" failures="0" tests="3" name="requestBodyType.RequestPayLoadUsingExtranlJSONfile" time="5.293" errors="0" timestamp="2023-10-19T18:03:02 IST" skipped="0">
  <testcase classname="requestBodyType.RequestPayLoadUsingExtranlJSONfile" name="testPostUsingExternalJSONFile" time="4.291"/>
  <system-out/>
  <testcase classname="requestBodyType.RequestPayLoadUsingExtranlJSONfile" name="createAndStoreIDUsingExternalJSONFile" time="0.550"/>
  <system-out/>
  <testcase classname="requestBodyType.RequestPayLoadUsingExtranlJSONfile" name="deleteData" time="0.452"/>
  <system-out/>
</testsuite> <!-- requestBodyType.RequestPayLoadUsingExtranlJSONfile -->
