<?xml version="1.0" encoding="UTF-8"?>
<!-- Generated by org.testng.reporters.JUnitReportReporter -->
<testsuite hostname="DESKTOP-F2JDLE7" failures="0" tests="2" name="_8_serialAndDeserialzation.SerializaationAndDeSerialization" time="0.482" errors="0" timestamp="2024-03-27T15:05:34 IST" skipped="1">
  <testcase classname="_8_serialAndDeserialzation.SerializaationAndDeSerialization" name="DeSerialization" time="0.482"/>
  <system-out/>
  <testcase classname="_8_serialAndDeserialzation.SerializaationAndDeSerialization" name="Serializaation">
    <skipped/>
  </testcase> <!-- Serializaation -->
  <system-out/>
</testsuite> <!-- _8_serialAndDeserialzation.SerializaationAndDeSerialization -->
