<?xml version="1.0" encoding="UTF-8"?>
<!-- Generated by org.testng.reporters.JUnitReportReporter -->
<testsuite hostname="DESKTOP-F2JDLE7" failures="0" tests="1" name="authorization.Authentication" time="3.909" errors="0" timestamp="2023-10-25T15:58:14 IST" skipped="0">
  <testcase classname="authorization.Authentication" name="bearerTokenAuthentication" time="3.909"/>
  <system-out/>
</testsuite> <!-- authorization.Authentication -->
