<?xml version="1.0" encoding="UTF-8"?>
<!-- Generated by org.testng.reporters.JUnitReportReporter -->
<testsuite hostname="DESKTOP-F2JDLE7" failures="0" tests="1" name="_3_prameterHeaderLogUsage._4_VerifyingHeadersInResponse" time="2.518" errors="0" timestamp="2023-10-20T11:17:22 IST" skipped="0">
  <testcase classname="_3_prameterHeaderLogUsage._4_VerifyingHeadersInResponse" name="getHeaderValues" time="2.518"/>
  <system-out/>
</testsuite> <!-- _3_prameterHeaderLogUsage._4_VerifyingHeadersInResponse -->
