<?xml version="1.0" encoding="UTF-8"?>
<!-- Generated by org.testng.reporters.JUnitReportReporter -->
<testsuite hostname="DESKTOP-F2JDLE7" failures="0" tests="6" name="_1_introduction.HttpRequests" time="5.485" errors="0" timestamp="2024-03-26T15:59:44 IST" skipped="3">
  <testcase classname="_1_introduction.HttpRequests" name="createUseraAndGetID" time="4.577"/>
  <system-out/>
  <testcase classname="_1_introduction.HttpRequests" name="updateUser" time="0.527"/>
  <system-out/>
  <testcase classname="_1_introduction.HttpRequests" name="deleteUser" time="0.381"/>
  <system-out/>
  <testcase classname="_1_introduction.HttpRequests" name="createUser">
    <skipped/>
  </testcase> <!-- createUser -->
  <system-out/>
  <testcase classname="_1_introduction.HttpRequests" name="getUsersWithoutGivenMethod">
    <skipped/>
  </testcase> <!-- getUsersWithoutGivenMethod -->
  <system-out/>
  <testcase classname="_1_introduction.HttpRequests" name="getUsers">
    <skipped/>
  </testcase> <!-- getUsers -->
  <system-out/>
</testsuite> <!-- _1_introduction.HttpRequests -->
