<?xml version="1.0" encoding="UTF-8"?>
<!-- Generated by org.testng.reporters.JUnitReportReporter -->
<testsuite hostname="DESKTOP-F2JDLE7" failures="0" tests="1" name="_3_prameterUsage._1_ResponseLogsAndTypes" time="2.935" errors="0" timestamp="2023-10-20T11:07:03 IST" skipped="0">
  <testcase classname="_3_prameterUsage._1_ResponseLogsAndTypes" name="cookiesLog" time="2.935"/>
  <system-out/>
</testsuite> <!-- _3_prameterUsage._1_ResponseLogsAndTypes -->
