<?xml version="1.0" encoding="UTF-8"?>
<!-- Generated by org.testng.reporters.JUnitReportReporter -->
<testsuite hostname="DESKTOP-F2JDLE7" failures="0" tests="2" name="_3_ResponseBodyHeaderCookies._3_ResponseHeaders" time="2.730" errors="0" timestamp="2024-03-27T10:50:13 IST" skipped="1">
  <testcase classname="_3_ResponseBodyHeaderCookies._3_ResponseHeaders" name="getHeaderValues" time="2.730"/>
  <system-out/>
  <testcase classname="_3_ResponseBodyHeaderCookies._3_ResponseHeaders" name="verifyHeader">
    <skipped/>
  </testcase> <!-- verifyHeader -->
  <system-out/>
</testsuite> <!-- _3_ResponseBodyHeaderCookies._3_ResponseHeaders -->
