<?xml version="1.0" encoding="UTF-8"?>
<!-- Generated by org.testng.reporters.JUnitReportReporter -->
<testsuite hostname="DESKTOP-F2JDLE7" failures="0" tests="3" name="requestBodyType.RequestPayLoadUsingJSONlib" time="4.256" errors="0" timestamp="2023-10-19T17:46:51 IST" skipped="1">
  <testcase classname="requestBodyType.RequestPayLoadUsingJSONlib" name="creatDataJSONlibraryStoreID" time="3.731"/>
  <system-out/>
  <testcase classname="requestBodyType.RequestPayLoadUsingJSONlib" name="deleteData" time="0.525"/>
  <system-out/>
  <testcase classname="requestBodyType.RequestPayLoadUsingJSONlib" name="testPostUsingJSONlibrary">
    <skipped/>
  </testcase> <!-- testPostUsingJSONlibrary -->
  <system-out/>
</testsuite> <!-- requestBodyType.RequestPayLoadUsingJSONlib -->
