<?xml version="1.0" encoding="UTF-8"?>
<!-- Generated by org.testng.reporters.JUnitReportReporter -->
<testsuite hostname="DESKTOP-F2JDLE7" failures="0" tests="1" name="_4_PrasingResponseBody.PrasingJSONBodyResponse" time="3.695" errors="0" timestamp="2023-10-22T12:56:12 IST" skipped="0">
  <testcase classname="_4_PrasingResponseBody.PrasingJSONBodyResponse" name="verifiyingJsonBodyResponseAndPasingusingTestNG" time="3.695"/>
  <system-out/>
</testsuite> <!-- _4_PrasingResponseBody.PrasingJSONBodyResponse -->
