<?xml version="1.0" encoding="UTF-8"?>
<!-- Generated by org.testng.reporters.JUnitReportReporter -->
<testsuite hostname="DESKTOP-F2JDLE7" failures="0" tests="3" name="requestBodyType.RequestPayloadUsingHashMap" time="5.332" errors="0" timestamp="2023-10-19T16:46:43 IST" skipped="0">
  <testcase classname="requestBodyType.RequestPayloadUsingHashMap" name="testPostUsingHashMap" time="4.374"/>
  <system-out/>
  <testcase classname="requestBodyType.RequestPayloadUsingHashMap" name="createAndStoreID" time="0.481"/>
  <system-out/>
  <testcase classname="requestBodyType.RequestPayloadUsingHashMap" name="deleteData" time="0.477"/>
  <system-out/>
</testsuite> <!-- requestBodyType.RequestPayloadUsingHashMap -->
