<?xml version="1.0" encoding="UTF-8"?>
<!-- Generated by org.testng.reporters.JUnitReportReporter -->
<testsuite hostname="DESKTOP-F2JDLE7" failures="0" tests="1" name="_3_ResponseBodyHeaderCookies._4_ResponseBody" time="2.558" errors="0" timestamp="2024-03-27T10:59:02 IST" skipped="0">
  <testcase classname="_3_ResponseBodyHeaderCookies._4_ResponseBody" name="responseBody" time="2.558"/>
  <system-out/>
</testsuite> <!-- _3_ResponseBodyHeaderCookies._4_ResponseBody -->
