<?xml version="1.0" encoding="UTF-8"?>
<!-- Generated by org.testng.reporters.JUnitReportReporter -->
<testsuite hostname="DESKTOP-F2JDLE7" failures="0" tests="1" name="_2_requestBodyType.Sample" time="5.141" errors="0" timestamp="2024-03-26T16:25:16 IST" skipped="0">
  <testcase classname="_2_requestBodyType.Sample" name="testPostUsingHashMap" time="5.141"/>
  <system-out/>
</testsuite> <!-- _2_requestBodyType.Sample -->
