<?xml version="1.0" encoding="UTF-8"?>
<!-- Generated by org.testng.reporters.JUnitReportReporter -->
<testsuite hostname="DESKTOP-F2JDLE7" failures="0" tests="1" name="_4_PrasingResponseBody.PrasingJSONResponse" time="4.990" errors="0" timestamp="2023-10-20T12:58:04 IST" skipped="0">
  <testcase classname="_4_PrasingResponseBody.PrasingJSONResponse" name="jsonResponse" time="4.990"/>
  <system-out/>
</testsuite> <!-- _4_PrasingResponseBody.PrasingJSONResponse -->
