<?xml version="1.0" encoding="UTF-8"?>
<!-- Generated by org.testng.reporters.JUnitReportReporter -->
<testsuite hostname="DESKTOP-F2JDLE7" failures="0" tests="4" name="_3_ResponseBodyHeaderCookies._1_ResponseLogsAndTypes" time="4.540" errors="0" timestamp="2024-03-27T10:14:24 IST" skipped="3">
  <testcase classname="_3_ResponseBodyHeaderCookies._1_ResponseLogsAndTypes" name="headerLog" time="4.540"/>
  <system-out/>
  <testcase classname="_3_ResponseBodyHeaderCookies._1_ResponseLogsAndTypes" name="wholeResponseLog">
    <skipped/>
  </testcase> <!-- wholeResponseLog -->
  <system-out/>
  <testcase classname="_3_ResponseBodyHeaderCookies._1_ResponseLogsAndTypes" name="cookiesLog">
    <skipped/>
  </testcase> <!-- cookiesLog -->
  <system-out/>
  <testcase classname="_3_ResponseBodyHeaderCookies._1_ResponseLogsAndTypes" name="bodyLog">
    <skipped/>
  </testcase> <!-- bodyLog -->
  <system-out/>
</testsuite> <!-- _3_ResponseBodyHeaderCookies._1_ResponseLogsAndTypes -->
