<?xml version="1.0" encoding="UTF-8"?>
<!-- Generated by org.testng.reporters.JUnitReportReporter -->
<testsuite hostname="DESKTOP-F2JDLE7" failures="0" tests="1" name="HashMapgetdata" time="0.027" errors="0" timestamp="2023-10-20T07:15:38 IST" skipped="0">
  <testcase classname="HashMapgetdata" name="testPostUsingHashMap" time="0.027"/>
  <system-out/>
</testsuite> <!-- HashMapgetdata -->
