<?xml version="1.0" encoding="UTF-8"?>
<!-- Generated by org.testng.reporters.JUnitReportReporter -->
<testsuite hostname="DESKTOP-F2JDLE7" failures="0" tests="4" name="day1.HttpRequests" time="7.186" errors="0" timestamp="2023-10-19T00:41:43 IST" skipped="1">
  <testcase classname="day1.HttpRequests" name="createUseraAndGetID" time="6.064"/>
  <system-out/>
  <testcase classname="day1.HttpRequests" name="updateUser" time="0.627"/>
  <system-out/>
  <testcase classname="day1.HttpRequests" name="deleteUser" time="0.495"/>
  <system-out/>
  <testcase classname="day1.HttpRequests" name="getUsers">
    <skipped/>
  </testcase> <!-- getUsers -->
  <system-out/>
</testsuite> <!-- day1.HttpRequests -->
