<?xml version="1.0" encoding="UTF-8"?>
<!-- Generated by org.testng.reporters.JUnitReportReporter -->
<testsuite hostname="DESKTOP-F2JDLE7" failures="0" tests="5" name="_4_PrasingJSONResponseBody.PrasingJSONResponse" time="3.440" errors="0" timestamp="2024-03-27T13:48:13 IST" skipped="4">
  <testcase classname="_4_PrasingJSONResponseBody.PrasingJSONResponse" name="additionalExcercise" time="3.440"/>
  <system-out/>
  <testcase classname="_4_PrasingJSONResponseBody.PrasingJSONResponse" name="takingTokenfromRestfulBooker">
    <skipped/>
  </testcase> <!-- takingTokenfromRestfulBooker -->
  <system-out/>
  <testcase classname="_4_PrasingJSONResponseBody.PrasingJSONResponse" name="assertingJSONResponseJSONObjectMethodUsingTestNG">
    <skipped/>
  </testcase> <!-- assertingJSONResponseJSONObjectMethodUsingTestNG -->
  <system-out/>
  <testcase classname="_4_PrasingJSONResponseBody.PrasingJSONResponse" name="assertingJSONResopnseUsingMatcheerMethod">
    <skipped/>
  </testcase> <!-- assertingJSONResopnseUsingMatcheerMethod -->
  <system-out/>
  <testcase classname="_4_PrasingJSONResponseBody.PrasingJSONResponse" name="assertingJSONResponseJsonPathMethodUsingTestNG">
    <skipped/>
  </testcase> <!-- assertingJSONResponseJsonPathMethodUsingTestNG -->
  <system-out/>
</testsuite> <!-- _4_PrasingJSONResponseBody.PrasingJSONResponse -->
