<?xml version="1.0" encoding="UTF-8"?>
<!-- Generated by org.testng.reporters.JUnitReportReporter -->
<testsuite hostname="DESKTOP-F2JDLE7" failures="0" tests="3" name="_2_requestBodyType.RequestPayLoadUsingPOJO" time="5.602" errors="0" timestamp="2024-03-26T18:00:18 IST" skipped="0">
  <testcase classname="_2_requestBodyType.RequestPayLoadUsingPOJO" name="testPostUsingPOJOclass" time="4.706"/>
  <system-out/>
  <testcase classname="_2_requestBodyType.RequestPayLoadUsingPOJO" name="createAndStoreIDUsingPOJOclass" time="0.467"/>
  <system-out/>
  <testcase classname="_2_requestBodyType.RequestPayLoadUsingPOJO" name="deleteData" time="0.429"/>
  <system-out/>
</testsuite> <!-- _2_requestBodyType.RequestPayLoadUsingPOJO -->
