<?xml version="1.0" encoding="UTF-8"?>
<!-- Generated by org.testng.reporters.JUnitReportReporter -->
<testsuite hostname="DESKTOP-F2JDLE7" failures="0" tests="4" name="_3_ResponseBodyHeaderCookies._2_ResponseCookies" time="3.668" errors="0" timestamp="2024-03-27T10:43:08 IST" skipped="2">
  <testcase classname="_3_ResponseBodyHeaderCookies._2_ResponseCookies" name="getCookieValue" time="3.193"/>
  <system-out/>
  <testcase classname="_3_ResponseBodyHeaderCookies._2_ResponseCookies" name="getCookiesValues" time="0.475"/>
  <system-out/>
  <testcase classname="_3_ResponseBodyHeaderCookies._2_ResponseCookies" name="verifyCookies">
    <skipped/>
  </testcase> <!-- verifyCookies -->
  <system-out/>
  <testcase classname="_3_ResponseBodyHeaderCookies._2_ResponseCookies" name="getCookiesValuesSecondWay">
    <skipped/>
  </testcase> <!-- getCookiesValuesSecondWay -->
  <system-out/>
</testsuite> <!-- _3_ResponseBodyHeaderCookies._2_ResponseCookies -->
