<?xml version="1.0" encoding="UTF-8"?>
<!-- Generated by org.testng.reporters.JUnitReportReporter -->
<testsuite hostname="DESKTOP-F2JDLE7" failures="0" tests="3" name="requestBodyType.RequestPayLoadUsingPOJO" time="4.668" errors="0" timestamp="2023-10-19T17:30:17 IST" skipped="1">
  <testcase classname="requestBodyType.RequestPayLoadUsingPOJO" name="createAndStoreIDUsingPOJOclass" time="4.133"/>
  <system-out/>
  <testcase classname="requestBodyType.RequestPayLoadUsingPOJO" name="deleteData" time="0.535"/>
  <system-out/>
  <testcase classname="requestBodyType.RequestPayLoadUsingPOJO" name="testPostUsingPOJOclass">
    <skipped/>
  </testcase> <!-- testPostUsingPOJOclass -->
  <system-out/>
</testsuite> <!-- requestBodyType.RequestPayLoadUsingPOJO -->
