<?xml version="1.0" encoding="UTF-8"?>
<!-- Generated by org.testng.reporters.JUnitReportReporter -->
<testsuite hostname="DESKTOP-F2JDLE7" failures="0" tests="1" name="_3_prameterUsage.VerifyingCookiesInResponse" time="3.808" errors="0" timestamp="2023-10-20T07:48:31 IST" skipped="0">
  <testcase classname="_3_prameterUsage.VerifyingCookiesInResponse" name="getCookiesValues" time="3.808"/>
  <system-out/>
</testsuite> <!-- _3_prameterUsage.VerifyingCookiesInResponse -->
