<?xml version="1.0" encoding="UTF-8"?>
<!-- Generated by org.testng.reporters.JUnitReportReporter -->
<testsuite hostname="DESKTOP-F2JDLE7" failures="0" tests="1" name="_3_prameterUsage.VerifyingHeadersInResponse" time="3.903" errors="0" timestamp="2023-10-20T08:21:31 IST" skipped="0">
  <testcase classname="_3_prameterUsage.VerifyingHeadersInResponse" name="getHeaderValues" time="3.903"/>
  <system-out/>
</testsuite> <!-- _3_prameterUsage.VerifyingHeadersInResponse -->
