<?xml version="1.0" encoding="UTF-8"?>
<!-- Generated by org.testng.reporters.JUnitReportReporter -->
<testsuite hostname="DESKTOP-F2JDLE7" failures="0" tests="1" name="requestBodyType.Teset" time="0.017" errors="0" timestamp="2023-10-19T15:09:11 IST" skipped="0">
  <testcase classname="requestBodyType.Teset" name="testPostUsingHashMap" time="0.017"/>
  <system-out/>
</testsuite> <!-- requestBodyType.Teset -->
