<?xml version="1.0" encoding="UTF-8"?>
<!-- Generated by org.testng.reporters.JUnitReportReporter -->
<testsuite hostname="DESKTOP-F2JDLE7" failures="0" tests="1" name="requestBodyType.WaysToCreateRequestBody" time="4.209" errors="0" timestamp="2023-10-19T15:58:05 IST" skipped="0">
  <testcase classname="requestBodyType.WaysToCreateRequestBody" name="testPostUsingHashMap" time="4.209"/>
  <system-out/>
</testsuite> <!-- requestBodyType.WaysToCreateRequestBody -->
