<?xml version="1.0" encoding="UTF-8"?>
<!-- Generated by org.testng.reporters.JUnitReportReporter -->
<testsuite hostname="DESKTOP-F2JDLE7" failures="0" tests="2" name="_7_schemaValidation.SchemaValidation" time="3.660" errors="0" timestamp="2024-03-27T14:57:19 IST" skipped="1">
  <testcase classname="_7_schemaValidation.SchemaValidation" name="jsonSchemaValidation" time="3.660"/>
  <system-out/>
  <testcase classname="_7_schemaValidation.SchemaValidation" name="xmlSchemaValidation">
    <skipped/>
  </testcase> <!-- xmlSchemaValidation -->
  <system-out/>
</testsuite> <!-- _7_schemaValidation.SchemaValidation -->
