<?xml version="1.0" encoding="UTF-8"?>
<!-- Generated by org.testng.reporters.JUnitReportReporter -->
<testsuite hostname="DESKTOP-F2JDLE7" failures="0" tests="3" name="_2_requestBodyType.RequestPayLoadUsingJSONlib" time="5.019" errors="0" timestamp="2024-03-26T18:01:22 IST" skipped="0">
  <testcase classname="_2_requestBodyType.RequestPayLoadUsingJSONlib" name="testPostUsingJSONlibrary" time="4.101"/>
  <system-out/>
  <testcase classname="_2_requestBodyType.RequestPayLoadUsingJSONlib" name="creatDataJSONlibraryStoreID" time="0.523"/>
  <system-out/>
  <testcase classname="_2_requestBodyType.RequestPayLoadUsingJSONlib" name="deleteData" time="0.395"/>
  <system-out/>
</testsuite> <!-- _2_requestBodyType.RequestPayLoadUsingJSONlib -->
