<?xml version="1.0" encoding="UTF-8"?>
<!-- Generated by org.testng.reporters.JUnitReportReporter -->
<testsuite hostname="DESKTOP-F2JDLE7" failures="0" tests="3" name="_2_requestBodyType.RequestPayLoadUsingExtranlJSONfile" time="4.322" errors="0" timestamp="2024-03-26T20:10:01 IST" skipped="1">
  <testcase classname="_2_requestBodyType.RequestPayLoadUsingExtranlJSONfile" name="createAndStoreIDUsingExternalJSONFile" time="3.855"/>
  <system-out/>
  <testcase classname="_2_requestBodyType.RequestPayLoadUsingExtranlJSONfile" name="deleteData" time="0.467"/>
  <system-out/>
  <testcase classname="_2_requestBodyType.RequestPayLoadUsingExtranlJSONfile" name="testPostUsingExternalJSONFile">
    <skipped/>
  </testcase> <!-- testPostUsingExternalJSONFile -->
  <system-out/>
</testsuite> <!-- _2_requestBodyType.RequestPayLoadUsingExtranlJSONfile -->
